Detecting compiler hash for triplet arm64-osx...
The following packages will be built and installed:
    gtest:arm64-osx@1.14.0 -- /Users/stevenscarpati/.vcpkg-clion/vcpkg/buildtrees/versioning_/versions/gtest/c6dde67781b31b556e0868cc9f45f3eec59dc2a8
  * vcpkg-cmake:arm64-osx@2023-05-04 -- /Users/stevenscarpati/.vcpkg-clion/vcpkg/buildtrees/versioning_/versions/vcpkg-cmake/88a7058fc7fa73a9c4c99cfcae9d79e2abf87a5a
  * vcpkg-cmake-config:arm64-osx@2022-02-06#1 -- /Users/stevenscarpati/.vcpkg-clion/vcpkg/buildtrees/versioning_/versions/vcpkg-cmake-config/8d54cc4f487d51b655abec5f9c9c3f86ca83311f
Additional packages (*) will be modified to complete this operation.
Restored 3 package(s) from /Users/stevenscarpati/.cache/vcpkg/archives in 89.8 ms. Use --debug to see more details.
Installing 1/3 vcpkg-cmake-config:arm64-osx@2022-02-06#1...
Elapsed time to handle vcpkg-cmake-config:arm64-osx: 2.22 ms
vcpkg-cmake-config:arm64-osx package ABI: f94150249714ff58c3f563e178906a02d5c394d9a7384380aab50f369019fa48
Installing 2/3 vcpkg-cmake:arm64-osx@2023-05-04...
Elapsed time to handle vcpkg-cmake:arm64-osx: 2.46 ms
vcpkg-cmake:arm64-osx package ABI: 8b0ed3a8c6dba6eade1919e8e41477cee4022ac86ae735c578a6346f58696972
Installing 3/3 gtest:arm64-osx@1.14.0...
Elapsed time to handle gtest:arm64-osx: 27.8 ms
gtest:arm64-osx package ABI: 6c84ec376ae76d74f2f92b34ebad5b06f6adec6da3cfc697cd7317122702a2f5
Total install time: 32.5 ms
The package gtest is compatible with built-in CMake targets:

    enable_testing()
    
    find_package(GTest CONFIG REQUIRED)
    target_link_libraries(main PRIVATE GTest::gtest GTest::gtest_main GTest::gmock GTest::gmock_main)
    
    add_test(AllTestsInMain main)

